{"/Users/devin/Documents/devin/frontend-master/pet-adoption/src/Carousel.js": {"path":"/Users/devin/Documents/devin/frontend-master/pet-adoption/src/Carousel.js","statementMap":{"0":{"start":{"line":10,"column":17},"end":{"line":10,"column":19}},"1":{"start":{"line":12,"column":4},"end":{"line":14,"column":5}},"2":{"start":{"line":13,"column":6},"end":{"line":13,"column":74}},"3":{"start":{"line":13,"column":50},"end":{"line":13,"column":73}},"4":{"start":{"line":16,"column":4},"end":{"line":16,"column":21}},"5":{"start":{"line":20,"column":4},"end":{"line":20,"column":54}},"6":{"start":{"line":24,"column":31},"end":{"line":24,"column":41}},"7":{"start":{"line":26,"column":4},"end":{"line":43,"column":5}},"8":{"start":{"line":32,"column":12},"end":{"line":39,"column":14}}},"fnMap":{"0":{"name":"(anonymous_0)","decl":{"start":{"line":9,"column":2},"end":{"line":9,"column":3}},"loc":{"start":{"line":9,"column":45},"end":{"line":17,"column":3}},"line":9},"1":{"name":"(anonymous_1)","decl":{"start":{"line":13,"column":41},"end":{"line":13,"column":42}},"loc":{"start":{"line":13,"column":50},"end":{"line":13,"column":73}},"line":13},"2":{"name":"(anonymous_2)","decl":{"start":{"line":19,"column":21},"end":{"line":19,"column":22}},"loc":{"start":{"line":19,"column":26},"end":{"line":21,"column":3}},"line":19},"3":{"name":"(anonymous_3)","decl":{"start":{"line":23,"column":2},"end":{"line":23,"column":3}},"loc":{"start":{"line":23,"column":11},"end":{"line":44,"column":3}},"line":23},"4":{"name":"(anonymous_4)","decl":{"start":{"line":30,"column":22},"end":{"line":30,"column":23}},"loc":{"start":{"line":32,"column":12},"end":{"line":39,"column":14}},"line":32}},"branchMap":{"0":{"loc":{"start":{"line":12,"column":4},"end":{"line":14,"column":5}},"type":"if","locations":[{"start":{"line":12,"column":4},"end":{"line":14,"column":5}},{"start":{"line":12,"column":4},"end":{"line":14,"column":5}}],"line":12},"1":{"loc":{"start":{"line":12,"column":8},"end":{"line":12,"column":51}},"type":"binary-expr","locations":[{"start":{"line":12,"column":8},"end":{"line":12,"column":13}},{"start":{"line":12,"column":17},"end":{"line":12,"column":29}},{"start":{"line":12,"column":33},"end":{"line":12,"column":51}}],"line":12},"2":{"loc":{"start":{"line":38,"column":25},"end":{"line":38,"column":57}},"type":"cond-expr","locations":[{"start":{"line":38,"column":44},"end":{"line":38,"column":52}},{"start":{"line":38,"column":55},"end":{"line":38,"column":57}}],"line":38}},"s":{"0":0,"1":0,"2":0,"3":0,"4":0,"5":0,"6":0,"7":0,"8":0},"f":{"0":0,"1":0,"2":0,"3":0,"4":0},"b":{"0":[0,0],"1":[0,0,0],"2":[0,0]},"_coverageSchema":"43e27e138ebf9cfc5966b082cf9a028302ed4184","hash":"74e367b0a013b49c573757dea3cc57bbe965c5c1"}
,"/Users/devin/Documents/devin/frontend-master/pet-adoption/src/Details.js": {"path":"/Users/devin/Documents/devin/frontend-master/pet-adoption/src/Details.js","statementMap":{"0":{"start":{"line":8,"column":18},"end":{"line":11,"column":2}},"1":{"start":{"line":19,"column":22},"end":{"line":19,"column":73}},"2":{"start":{"line":22,"column":4},"end":{"line":49,"column":8}},"3":{"start":{"line":28,"column":20},"end":{"line":28,"column":38}},"4":{"start":{"line":31,"column":8},"end":{"line":35,"column":9}},"5":{"start":{"line":32,"column":10},"end":{"line":32,"column":45}},"6":{"start":{"line":34,"column":10},"end":{"line":34,"column":34}},"7":{"start":{"line":37,"column":8},"end":{"line":45,"column":10}},"8":{"start":{"line":48,"column":8},"end":{"line":48,"column":21}},"9":{"start":{"line":53,"column":4},"end":{"line":55,"column":5}},"10":{"start":{"line":54,"column":6},"end":{"line":54,"column":32}},"11":{"start":{"line":57,"column":77},"end":{"line":57,"column":87}},"12":{"start":{"line":59,"column":4},"end":{"line":80,"column":5}}},"fnMap":{"0":{"name":"(anonymous_0)","decl":{"start":{"line":19,"column":16},"end":{"line":19,"column":17}},"loc":{"start":{"line":19,"column":22},"end":{"line":19,"column":73}},"line":19},"1":{"name":"(anonymous_1)","decl":{"start":{"line":21,"column":2},"end":{"line":21,"column":3}},"loc":{"start":{"line":21,"column":22},"end":{"line":50,"column":3}},"line":21},"2":{"name":"(anonymous_2)","decl":{"start":{"line":27,"column":12},"end":{"line":27,"column":13}},"loc":{"start":{"line":27,"column":20},"end":{"line":46,"column":7}},"line":27},"3":{"name":"(anonymous_3)","decl":{"start":{"line":47,"column":13},"end":{"line":47,"column":14}},"loc":{"start":{"line":47,"column":19},"end":{"line":49,"column":7}},"line":47},"4":{"name":"(anonymous_4)","decl":{"start":{"line":52,"column":2},"end":{"line":52,"column":3}},"loc":{"start":{"line":52,"column":11},"end":{"line":81,"column":3}},"line":52}},"branchMap":{"0":{"loc":{"start":{"line":31,"column":8},"end":{"line":35,"column":9}},"type":"if","locations":[{"start":{"line":31,"column":8},"end":{"line":35,"column":9}},{"start":{"line":31,"column":8},"end":{"line":35,"column":9}}],"line":31},"1":{"loc":{"start":{"line":53,"column":4},"end":{"line":55,"column":5}},"type":"if","locations":[{"start":{"line":53,"column":4},"end":{"line":55,"column":5}},{"start":{"line":53,"column":4},"end":{"line":55,"column":5}}],"line":53},"2":{"loc":{"start":{"line":69,"column":11},"end":{"line":77,"column":18}},"type":"cond-expr","locations":[{"start":{"line":70,"column":12},"end":{"line":76,"column":20}},{"start":{"line":77,"column":14},"end":{"line":77,"column":18}}],"line":69}},"s":{"0":1,"1":1,"2":2,"3":0,"4":0,"5":0,"6":0,"7":0,"8":0,"9":3,"10":3,"11":0,"12":0},"f":{"0":1,"1":2,"2":0,"3":0,"4":3},"b":{"0":[0,0],"1":[3,0],"2":[0,0]},"_coverageSchema":"43e27e138ebf9cfc5966b082cf9a028302ed4184","hash":"a9dd99b95ea8afe1b54c905abf405860442f8f93"}
,"/Users/devin/Documents/devin/frontend-master/pet-adoption/src/Modal.js": {"path":"/Users/devin/Documents/devin/frontend-master/pet-adoption/src/Modal.js","statementMap":{"0":{"start":{"line":4,"column":18},"end":{"line":4,"column":50}},"1":{"start":{"line":8,"column":4},"end":{"line":8,"column":16}},"2":{"start":{"line":10,"column":4},"end":{"line":10,"column":43}},"3":{"start":{"line":14,"column":4},"end":{"line":14,"column":34}},"4":{"start":{"line":18,"column":4},"end":{"line":18,"column":34}},"5":{"start":{"line":22,"column":4},"end":{"line":22,"column":53}}},"fnMap":{"0":{"name":"(anonymous_0)","decl":{"start":{"line":7,"column":2},"end":{"line":7,"column":3}},"loc":{"start":{"line":7,"column":21},"end":{"line":11,"column":3}},"line":7},"1":{"name":"(anonymous_1)","decl":{"start":{"line":13,"column":2},"end":{"line":13,"column":3}},"loc":{"start":{"line":13,"column":22},"end":{"line":15,"column":3}},"line":13},"2":{"name":"(anonymous_2)","decl":{"start":{"line":17,"column":2},"end":{"line":17,"column":3}},"loc":{"start":{"line":17,"column":25},"end":{"line":19,"column":3}},"line":17},"3":{"name":"(anonymous_3)","decl":{"start":{"line":21,"column":2},"end":{"line":21,"column":3}},"loc":{"start":{"line":21,"column":11},"end":{"line":23,"column":3}},"line":21}},"branchMap":{},"s":{"0":1,"1":0,"2":0,"3":0,"4":0,"5":0},"f":{"0":0,"1":0,"2":0,"3":0},"b":{},"_coverageSchema":"43e27e138ebf9cfc5966b082cf9a028302ed4184","hash":"84657d53634ec164f9a8b919386ae724825b6d35"}
}
