TN:
SF:/Users/devin/Documents/devin/frontend-master/pet-adoption/src/Carousel.js
FN:9,(anonymous_0)
FN:13,(anonymous_1)
FN:19,(anonymous_2)
FN:23,(anonymous_3)
FN:30,(anonymous_4)
FNF:5
FNH:0
FNDA:0,(anonymous_0)
FNDA:0,(anonymous_1)
FNDA:0,(anonymous_2)
FNDA:0,(anonymous_3)
FNDA:0,(anonymous_4)
DA:10,0
DA:12,0
DA:13,0
DA:16,0
DA:20,0
DA:24,0
DA:26,0
DA:32,0
LF:8
LH:0
BRDA:12,0,0,0
BRDA:12,0,1,0
BRDA:12,1,0,0
BRDA:12,1,1,0
BRDA:12,1,2,0
BRDA:38,2,0,0
BRDA:38,2,1,0
BRF:7
BRH:0
end_of_record
TN:
SF:/Users/devin/Documents/devin/frontend-master/pet-adoption/src/Details.js
FN:19,(anonymous_0)
FN:21,(anonymous_1)
FN:27,(anonymous_2)
FN:47,(anonymous_3)
FN:52,(anonymous_4)
FNF:5
FNH:3
FNDA:1,(anonymous_0)
FNDA:2,(anonymous_1)
FNDA:0,(anonymous_2)
FNDA:0,(anonymous_3)
FNDA:3,(anonymous_4)
DA:8,1
DA:19,1
DA:22,2
DA:28,0
DA:31,0
DA:32,0
DA:34,0
DA:37,0
DA:48,0
DA:53,3
DA:54,3
DA:57,0
DA:59,0
LF:13
LH:5
BRDA:31,0,0,0
BRDA:31,0,1,0
BRDA:53,1,0,3
BRDA:53,1,1,0
BRDA:69,2,0,0
BRDA:69,2,1,0
BRF:6
BRH:1
end_of_record
TN:
SF:/Users/devin/Documents/devin/frontend-master/pet-adoption/src/Modal.js
FN:7,(anonymous_0)
FN:13,(anonymous_1)
FN:17,(anonymous_2)
FN:21,(anonymous_3)
FNF:4
FNH:0
FNDA:0,(anonymous_0)
FNDA:0,(anonymous_1)
FNDA:0,(anonymous_2)
FNDA:0,(anonymous_3)
DA:4,1
DA:8,0
DA:10,0
DA:14,0
DA:18,0
DA:22,0
LF:6
LH:1
BRF:0
BRH:0
end_of_record
